<?xml version="1.0" encoding="UTF-8"?>
<!-- Generated by org.testng.reporters.JUnitReportReporter -->
<testsuite hostname="LAPTOP-4TCKPRCK" failures="0" tests="1" name="tcpackage.tclogin" time="3.148" errors="0" timestamp="2020-04-12T10:48:31 IST" skipped="0">
  <testcase classname="tcpackage.tclogin" name="the_user_enters_the_valid_username_and_valid_password_and_click_submit" time="3.148"/>
</testsuite> <!-- tcpackage.tclogin -->
