<?xml version="1.0" encoding="UTF-8"?>
<!-- Generated by org.testng.reporters.JUnitReportReporter -->
<testsuite hostname="LAPTOP-4TCKPRCK" failures="0" tests="1" name="tcpackage.tcregister" time="1.042" errors="0" timestamp="2020-04-12T10:48:31 IST" skipped="0">
  <testcase classname="tcpackage.tcregister" name="the_user_enter_details_and_click_on_register" time="1.042"/>
</testsuite> <!-- tcpackage.tcregister -->
