<?xml version="1.0" encoding="UTF-8"?>
<!-- Generated by org.testng.reporters.JUnitReportReporter -->
<testsuite hostname="LAPTOP-4TCKPRCK" failures="0" tests="1" name="tcpackage.addcard" time="29.981" errors="0" timestamp="2020-04-08T18:09:42 IST" skipped="0">
  <testcase classname="tcpackage.addcard" name="launch" time="29.981"/>
</testsuite> <!-- tcpackage.addcard -->
